<?xml version="1.0" encoding="UTF-8"?>
<coverage generated="1594584326">
  <project timestamp="1594584326">
    <package name="App">
      <file name="/home/lukas/Plocha/akcie/degiro-php/app/DegiroApi.php">
        <class name="App\DegiroApi" namespace="App">
          <metrics complexity="0" methods="0" coveredmethods="0" conditionals="0" coveredconditionals="0" statements="0" coveredstatements="0" elements="0" coveredelements="0"/>
        </class>
        <metrics loc="8" ncloc="8" classes="0" methods="0" coveredmethods="0" conditionals="0" coveredconditionals="0" statements="0" coveredstatements="0" elements="0" coveredelements="0"/>
      </file>
    </package>
    <metrics files="1" loc="8" ncloc="8" classes="0" methods="0" coveredmethods="0" conditionals="0" coveredconditionals="0" statements="0" coveredstatements="0" elements="0" coveredelements="0"/>
  </project>
</coverage>
